<?xml version="1.0" encoding="UTF-8" ?>
<testsuite tests="19" failures="0" name="weather.api.test.WeatherAPITest" time="0.001" errors="0" skipped="0">
  <properties>
[...]
</properties>
  <testcase classname="Scenario: Test Get Weather JSON API" name="Given url &apos;http://api.weatherapi.com/v1/forecast.json?key=210248d56f7846c8b3265042200505&amp;q=Sydney&amp;days=7&apos;" time="0.001"/>
  <testcase classname="Scenario: Test Get Weather JSON API" name="When method get" time="0"/>
  <testcase classname="Scenario: Test Get Weather JSON API" name="Then status 200" time="0"/>
  <testcase classname="Scenario: Test Get Weather JSON API" name="Then def nextDayWeather = response.forecast.forecastday[0]" time="0"/>
  <testcase classname="Scenario: Test Get Weather JSON API" name="Then match response.location.name == &apos;Sydney&apos;" time="0"/>
  <testcase classname="Scenario: Test Get Weather JSON API" name="Then match nextDayWeather.date == &apos;2020-05-07&apos;" time="0"/>
  <testcase classname="Scenario: Test Get Weather JSON API" name="Then match nextDayWeather.day.uv == &apos;3.7&apos;" time="0"/>
  <testcase classname="Scenario: Test Get Weather JSON API" name="Then match nextDayWeather.day.avgtemp_c == &apos;17.4&apos;" time="0"/>
  <testcase classname="Scenario: Test Get Weather JSON API" name="Then match nextDayWeather.astro.sunrise == &apos;06:34 AM&apos;" time="0"/>
  <testcase classname="Scenario: Test Get Weather JSON API" name="Scenario: Test Get Weather JSON API" time="0"/>
  <testcase classname="Scenario: Test Get Weather SOAP API" name="Given url &apos;http://api.weatherapi.com/v1/forecast.xml?key=210248d56f7846c8b3265042200505&amp;q=Sydney&amp;days=7&apos;" time="0"/>
  <testcase classname="Scenario: Test Get Weather SOAP API" name="When method get" time="0"/>
  <testcase classname="Scenario: Test Get Weather SOAP API" name="Then status 200" time="0"/>
  <testcase classname="Scenario: Test Get Weather SOAP API" name="Then match /root/location/name == &apos;Sydney&apos;" time="0"/>
  <testcase classname="Scenario: Test Get Weather SOAP API" name="Then match /root/forecast/forecastday[1]/date == &apos;2020-05-07&apos;" time="0"/>
  <testcase classname="Scenario: Test Get Weather SOAP API" name="Then match /root/forecast/forecastday[1]/day/uv == &apos;3.7&apos;" time="0"/>
  <testcase classname="Scenario: Test Get Weather SOAP API" name="Then match /root/forecast/forecastday[1]/day/avgtemp_c == &apos;17.4&apos;" time="0"/>
  <testcase classname="Scenario: Test Get Weather SOAP API" name="Then match /root/forecast/forecastday[1]/astro/sunrise == &apos;06:34 AM&apos;" time="0"/>
  <testcase classname="Scenario: Test Get Weather SOAP API" name="Scenario: Test Get Weather SOAP API" time="0"/>
</testsuite>